<?xml version="1.0" encoding="UTF-8"?>
<!-- Generated by org.testng.reporters.JUnitXMLReporter -->
<testsuite ignored="0" hostname="YVELANI-IN" failures="0" tests="3" name="Default test" time="41.508" errors="0" timestamp="24 Apr 2018 08:20:06 GMT">
  <testcase classname="Tests.TestScenarios" name="Login_TC001" time="0.0">
    <skipped/>
  </testcase> <!-- Login_TC001 -->
  <testcase classname="Tests.TestScenarios" name="Login_TC002" time="8.153"/>
  <testcase classname="Tests.TestScenarios" name="Login_TC002" time="7.735"/>
</testsuite> <!-- Default test -->
