<?xml version="1.0" encoding="UTF-8"?>
<!-- Generated by org.testng.reporters.JUnitXMLReporter -->
<testsuite ignored="0" hostname="YVELANI-IN" failures="0" tests="3" name="TestNG Test Group" time="79.872" errors="0" timestamp="25 Apr 2018 10:06:57 GMT">
  <testcase classname="Tests.TestScenarios" name="Login_TC001" time="0.0">
    <skipped/>
  </testcase> <!-- Login_TC001 -->
  <testcase classname="Tests.TestScenarios" name="Login_TC002" time="25.455"/>
  <testcase classname="Tests.TestScenarios" name="Login_TC002" time="22.693"/>
</testsuite> <!-- TestNG Test Group -->
